This file contains any messages produced by compilers while
running configure, to aid debugging if configure makes a mistake.

It was created by gplotter configure 0.1, which was
generated by GNU Autoconf 2.69.  Invocation command line was

  $ /home/princeton/Documents/Git-Hosted/gPlotter/configure --enable-maintainer-mode

## --------- ##
## Platform. ##
## --------- ##

hostname = pferro-zenbook
uname -m = x86_64
uname -r = 3.6.7-5.fc18.x86_64
uname -s = Linux
uname -v = #1 SMP Tue Nov 20 19:40:08 UTC 2012

/usr/bin/uname -p = x86_64
/bin/uname -X     = unknown

/bin/arch              = x86_64
/usr/bin/arch -k       = unknown
/usr/convex/getsysinfo = unknown
/usr/bin/hostinfo      = unknown
/bin/machine           = unknown
/usr/bin/oslevel       = unknown
/bin/universe          = unknown

PATH: /usr/lib64/qt-3.3/bin
PATH: /usr/local/bin
PATH: /usr/bin
PATH: /bin
PATH: /usr/local/sbin
PATH: /usr/sbin
PATH: /home/princeton/.local/bin
PATH: /home/princeton/bin


## ----------- ##
## Core tests. ##
## ----------- ##

configure:2450: checking for a BSD-compatible install
configure:2518: result: /usr/bin/install -c
configure:2529: checking whether build environment is sane
configure:2584: result: yes
configure:2735: checking for a thread-safe mkdir -p
configure:2774: result: /usr/bin/mkdir -p
configure:2781: checking for gawk
configure:2797: found /usr/bin/gawk
configure:2808: result: gawk
configure:2819: checking whether make sets $(MAKE)
configure:2841: result: yes
configure:2939: checking whether make supports nested variables
configure:2956: result: yes
configure:3016: checking for gcc
configure:3032: found /usr/bin/gcc
configure:3043: result: gcc
configure:3272: checking for C compiler version
configure:3281: gcc --version >&5
gcc (GCC) 4.7.2 20121109 (Red Hat 4.7.2-8)
Copyright (C) 2012 Free Software Foundation, Inc.
This is free software; see the source for copying conditions.  There is NO
warranty; not even for MERCHANTABILITY or FITNESS FOR A PARTICULAR PURPOSE.

configure:3292: $? = 0
configure:3281: gcc -v >&5
Using built-in specs.
COLLECT_GCC=gcc
COLLECT_LTO_WRAPPER=/usr/libexec/gcc/x86_64-redhat-linux/4.7.2/lto-wrapper
Target: x86_64-redhat-linux
Configured with: ../configure --prefix=/usr --mandir=/usr/share/man --infodir=/usr/share/info --with-bugurl=http://bugzilla.redhat.com/bugzilla --enable-bootstrap --enable-shared --enable-threads=posix --enable-checking=release --disable-build-with-cxx --disable-build-poststage1-with-cxx --with-system-zlib --enable-__cxa_atexit --disable-libunwind-exceptions --enable-gnu-unique-object --enable-linker-build-id --with-linker-hash-style=gnu --enable-languages=c,c++,objc,obj-c++,java,fortran,ada,go,lto --enable-plugin --enable-initfini-array --enable-java-awt=gtk --disable-dssi --with-java-home=/usr/lib/jvm/java-1.5.0-gcj-1.5.0.0/jre --enable-libgcj-multifile --enable-java-maintainer-mode --with-ecj-jar=/usr/share/java/eclipse-ecj.jar --disable-libjava-multilib --with-ppl --with-cloog --with-tune=generic --with-arch_32=i686 --build=x86_64-redhat-linux
Thread model: posix
gcc version 4.7.2 20121109 (Red Hat 4.7.2-8) (GCC) 
configure:3292: $? = 0
configure:3281: gcc -V >&5
gcc: error: unrecognized command line option '-V'
gcc: fatal error: no input files
compilation terminated.
configure:3292: $? = 4
configure:3281: gcc -qversion >&5
gcc: error: unrecognized command line option '-qversion'
gcc: fatal error: no input files
compilation terminated.
configure:3292: $? = 4
configure:3312: checking whether the C compiler works
configure:3334: gcc    conftest.c  >&5
configure:3338: $? = 0
configure:3386: result: yes
configure:3389: checking for C compiler default output file name
configure:3391: result: a.out
configure:3397: checking for suffix of executables
configure:3404: gcc -o conftest    conftest.c  >&5
configure:3408: $? = 0
configure:3430: result: 
configure:3452: checking whether we are cross compiling
configure:3460: gcc -o conftest    conftest.c  >&5
configure:3464: $? = 0
configure:3471: ./conftest
configure:3475: $? = 0
configure:3490: result: no
configure:3495: checking for suffix of object files
configure:3517: gcc -c   conftest.c >&5
configure:3521: $? = 0
configure:3542: result: o
configure:3546: checking whether we are using the GNU C compiler
configure:3565: gcc -c   conftest.c >&5
configure:3565: $? = 0
configure:3574: result: yes
configure:3583: checking whether gcc accepts -g
configure:3603: gcc -c -g  conftest.c >&5
configure:3603: $? = 0
configure:3644: result: yes
configure:3661: checking for gcc option to accept ISO C89
configure:3724: gcc  -c -g -O2  conftest.c >&5
configure:3724: $? = 0
configure:3737: result: none needed
configure:3768: checking for style of include used by make
configure:3796: result: GNU
configure:3822: checking dependency style of gcc
configure:3933: result: gcc3
configure:3955: checking how to run the C preprocessor
configure:3986: gcc -E  conftest.c
configure:3986: $? = 0
configure:4000: gcc -E  conftest.c
conftest.c:11:28: fatal error: ac_nonexistent.h: No such file or directory
compilation terminated.
configure:4000: $? = 1
configure: failed program was:
| /* confdefs.h */
| #define PACKAGE_NAME "gplotter"
| #define PACKAGE_TARNAME "gplotter"
| #define PACKAGE_VERSION "0.1"
| #define PACKAGE_STRING "gplotter 0.1"
| #define PACKAGE_BUGREPORT ""
| #define PACKAGE_URL ""
| #define PACKAGE "gplotter"
| #define VERSION "0.1"
| /* end confdefs.h.  */
| #include <ac_nonexistent.h>
configure:4025: result: gcc -E
configure:4045: gcc -E  conftest.c
configure:4045: $? = 0
configure:4059: gcc -E  conftest.c
conftest.c:11:28: fatal error: ac_nonexistent.h: No such file or directory
compilation terminated.
configure:4059: $? = 1
configure: failed program was:
| /* confdefs.h */
| #define PACKAGE_NAME "gplotter"
| #define PACKAGE_TARNAME "gplotter"
| #define PACKAGE_VERSION "0.1"
| #define PACKAGE_STRING "gplotter 0.1"
| #define PACKAGE_BUGREPORT ""
| #define PACKAGE_URL ""
| #define PACKAGE "gplotter"
| #define VERSION "0.1"
| /* end confdefs.h.  */
| #include <ac_nonexistent.h>
configure:4145: checking for g++
configure:4175: result: no
configure:4145: checking for c++
configure:4175: result: no
configure:4145: checking for gpp
configure:4175: result: no
configure:4145: checking for aCC
configure:4175: result: no
configure:4145: checking for CC
configure:4175: result: no
configure:4145: checking for cxx
configure:4175: result: no
configure:4145: checking for cc++
configure:4175: result: no
configure:4145: checking for cl.exe
configure:4175: result: no
configure:4145: checking for FCC
configure:4175: result: no
configure:4145: checking for KCC
configure:4175: result: no
configure:4145: checking for RCC
configure:4175: result: no
configure:4145: checking for xlC_r
configure:4175: result: no
configure:4145: checking for xlC
configure:4175: result: no
configure:4199: checking for C++ compiler version
configure:4208: g++ --version >&5
/home/princeton/Documents/Git-Hosted/gPlotter/configure: line 4210: g++: command not found
configure:4219: $? = 127
configure:4208: g++ -v >&5
/home/princeton/Documents/Git-Hosted/gPlotter/configure: line 4210: g++: command not found
configure:4219: $? = 127
configure:4208: g++ -V >&5
/home/princeton/Documents/Git-Hosted/gPlotter/configure: line 4210: g++: command not found
configure:4219: $? = 127
configure:4208: g++ -qversion >&5
/home/princeton/Documents/Git-Hosted/gPlotter/configure: line 4210: g++: command not found
configure:4219: $? = 127
configure:4223: checking whether we are using the GNU C++ compiler
configure:4242: g++ -c   conftest.cpp >&5
/home/princeton/Documents/Git-Hosted/gPlotter/configure: line 1670: g++: command not found
configure:4242: $? = 127
configure: failed program was:
| /* confdefs.h */
| #define PACKAGE_NAME "gplotter"
| #define PACKAGE_TARNAME "gplotter"
| #define PACKAGE_VERSION "0.1"
| #define PACKAGE_STRING "gplotter 0.1"
| #define PACKAGE_BUGREPORT ""
| #define PACKAGE_URL ""
| #define PACKAGE "gplotter"
| #define VERSION "0.1"
| /* end confdefs.h.  */
| 
| int
| main ()
| {
| #ifndef __GNUC__
|        choke me
| #endif
| 
|   ;
|   return 0;
| }
configure:4251: result: no
configure:4260: checking whether g++ accepts -g
configure:4280: g++ -c -g  conftest.cpp >&5
/home/princeton/Documents/Git-Hosted/gPlotter/configure: line 1670: g++: command not found
configure:4280: $? = 127
configure: failed program was:
| /* confdefs.h */
| #define PACKAGE_NAME "gplotter"
| #define PACKAGE_TARNAME "gplotter"
| #define PACKAGE_VERSION "0.1"
| #define PACKAGE_STRING "gplotter 0.1"
| #define PACKAGE_BUGREPORT ""
| #define PACKAGE_URL ""
| #define PACKAGE "gplotter"
| #define VERSION "0.1"
| /* end confdefs.h.  */
| 
| int
| main ()
| {
| 
|   ;
|   return 0;
| }
configure:4295: g++ -c   conftest.cpp >&5
/home/princeton/Documents/Git-Hosted/gPlotter/configure: line 1670: g++: command not found
configure:4295: $? = 127
configure: failed program was:
| /* confdefs.h */
| #define PACKAGE_NAME "gplotter"
| #define PACKAGE_TARNAME "gplotter"
| #define PACKAGE_VERSION "0.1"
| #define PACKAGE_STRING "gplotter 0.1"
| #define PACKAGE_BUGREPORT ""
| #define PACKAGE_URL ""
| #define PACKAGE "gplotter"
| #define VERSION "0.1"
| /* end confdefs.h.  */
| 
| int
| main ()
| {
| 
|   ;
|   return 0;
| }
configure:4311: g++ -c -g  conftest.cpp >&5
/home/princeton/Documents/Git-Hosted/gPlotter/configure: line 1670: g++: command not found
configure:4311: $? = 127
configure: failed program was:
| /* confdefs.h */
| #define PACKAGE_NAME "gplotter"
| #define PACKAGE_TARNAME "gplotter"
| #define PACKAGE_VERSION "0.1"
| #define PACKAGE_STRING "gplotter 0.1"
| #define PACKAGE_BUGREPORT ""
| #define PACKAGE_URL ""
| #define PACKAGE "gplotter"
| #define VERSION "0.1"
| /* end confdefs.h.  */
| 
| int
| main ()
| {
| 
|   ;
|   return 0;
| }
configure:4321: result: no
configure:4346: checking dependency style of g++
configure:4457: result: none
configure:4476: checking whether NLS is requested
configure:4485: result: yes
configure:4504: checking for intltool >= 0.35.0
configure:4506: result: 0.50.2 found
configure:4514: checking for intltool-update
configure:4532: found /usr/bin/intltool-update
configure:4544: result: /usr/bin/intltool-update
configure:4554: checking for intltool-merge
configure:4572: found /usr/bin/intltool-merge
configure:4584: result: /usr/bin/intltool-merge
configure:4594: checking for intltool-extract
configure:4612: found /usr/bin/intltool-extract
configure:4624: result: /usr/bin/intltool-extract
configure:4778: checking for xgettext
configure:4796: found /usr/bin/xgettext
configure:4808: result: /usr/bin/xgettext
configure:4818: checking for msgmerge
configure:4836: found /usr/bin/msgmerge
configure:4848: result: /usr/bin/msgmerge
configure:4858: checking for msgfmt
configure:4876: found /usr/bin/msgfmt
configure:4888: result: /usr/bin/msgfmt
configure:4898: checking for gmsgfmt
configure:4929: result: /usr/bin/msgfmt
configure:4949: checking for perl
configure:4967: found /usr/bin/perl
configure:4979: result: /usr/bin/perl
configure:4990: checking for perl >= 5.8.1
configure:4997: result: 5.16.2
configure:5001: checking for XML::Parser
configure:5004: result: ok
configure:5029: gcc -o conftest -g -O2   conftest.c  >&5
configure:5029: $? = 0
configure:5065: checking for grep that handles long lines and -e
configure:5123: result: /usr/bin/grep
configure:5128: checking for egrep
configure:5190: result: /usr/bin/grep -E
configure:5195: checking for ANSI C header files
configure:5215: gcc -c -g -O2  conftest.c >&5
configure:5215: $? = 0
configure:5288: gcc -o conftest -g -O2   conftest.c  >&5
configure:5288: $? = 0
configure:5288: ./conftest
configure:5288: $? = 0
configure:5299: result: yes
configure:5312: checking for sys/types.h
configure:5312: gcc -c -g -O2  conftest.c >&5
configure:5312: $? = 0
configure:5312: result: yes
configure:5312: checking for sys/stat.h
configure:5312: gcc -c -g -O2  conftest.c >&5
configure:5312: $? = 0
configure:5312: result: yes
configure:5312: checking for stdlib.h
configure:5312: gcc -c -g -O2  conftest.c >&5
configure:5312: $? = 0
configure:5312: result: yes
configure:5312: checking for string.h
configure:5312: gcc -c -g -O2  conftest.c >&5
configure:5312: $? = 0
configure:5312: result: yes
configure:5312: checking for memory.h
configure:5312: gcc -c -g -O2  conftest.c >&5
configure:5312: $? = 0
configure:5312: result: yes
configure:5312: checking for strings.h
configure:5312: gcc -c -g -O2  conftest.c >&5
configure:5312: $? = 0
configure:5312: result: yes
configure:5312: checking for inttypes.h
configure:5312: gcc -c -g -O2  conftest.c >&5
configure:5312: $? = 0
configure:5312: result: yes
configure:5312: checking for stdint.h
configure:5312: gcc -c -g -O2  conftest.c >&5
configure:5312: $? = 0
configure:5312: result: yes
configure:5312: checking for unistd.h
configure:5312: gcc -c -g -O2  conftest.c >&5
configure:5312: $? = 0
configure:5312: result: yes
configure:5327: checking locale.h usability
configure:5327: gcc -c -g -O2  conftest.c >&5
configure:5327: $? = 0
configure:5327: result: yes
configure:5327: checking locale.h presence
configure:5327: gcc -E  conftest.c
configure:5327: $? = 0
configure:5327: result: yes
configure:5327: checking for locale.h
configure:5327: result: yes
configure:5338: checking for LC_MESSAGES
configure:5354: gcc -o conftest -g -O2   conftest.c  >&5
configure:5354: $? = 0
configure:5362: result: yes
configure:5379: checking libintl.h usability
configure:5379: gcc -c -g -O2  conftest.c >&5
configure:5379: $? = 0
configure:5379: result: yes
configure:5379: checking libintl.h presence
configure:5379: gcc -E  conftest.c
configure:5379: $? = 0
configure:5379: result: yes
configure:5379: checking for libintl.h
configure:5379: result: yes
configure:5387: checking for ngettext in libc
configure:5405: gcc -o conftest -g -O2   conftest.c  >&5
configure:5405: $? = 0
configure:5414: result: yes
configure:5418: checking for dgettext in libc
configure:5436: gcc -o conftest -g -O2   conftest.c  >&5
configure:5436: $? = 0
configure:5445: result: yes
configure:5452: checking for bind_textdomain_codeset
configure:5452: gcc -o conftest -g -O2   conftest.c  >&5
configure:5452: $? = 0
configure:5452: result: yes
configure:5728: checking for msgfmt
configure:5755: result: /usr/bin/msgfmt
configure:5766: checking for dcgettext
configure:5766: gcc -o conftest -g -O2   conftest.c   >&5
conftest.c:49:6: warning: conflicting types for built-in function 'dcgettext' [enabled by default]
configure:5766: $? = 0
configure:5766: result: yes
configure:5776: checking if msgfmt accepts -c
configure:5791: $MSGFMT -c -o /dev/null conftest.foo
configure:5794: $? = 0
configure:5796: result: yes
configure:5806: checking for gmsgfmt
configure:5837: result: /usr/bin/msgfmt
configure:5847: checking for xgettext
configure:5874: result: /usr/bin/xgettext
configure:5893: gcc -o conftest -g -O2   conftest.c   >&5
configure:5893: $? = 0
configure:6064: checking build system type
configure:6078: result: x86_64-unknown-linux-gnu
configure:6098: checking host system type
configure:6111: result: x86_64-unknown-linux-gnu
configure:6152: checking how to print strings
configure:6179: result: printf
configure:6200: checking for a sed that does not truncate output
configure:6264: result: /usr/bin/sed
configure:6282: checking for fgrep
configure:6344: result: /usr/bin/grep -F
configure:6379: checking for ld used by gcc
configure:6446: result: /usr/bin/ld
configure:6453: checking if the linker (/usr/bin/ld) is GNU ld
configure:6468: result: yes
configure:6480: checking for BSD- or MS-compatible name lister (nm)
configure:6529: result: /usr/bin/nm -B
configure:6659: checking the name lister (/usr/bin/nm -B) interface
configure:6666: gcc -c -g -O2  conftest.c >&5
configure:6669: /usr/bin/nm -B "conftest.o"
configure:6672: output
0000000000000000 B some_variable
configure:6679: result: BSD nm
configure:6682: checking whether ln -s works
configure:6686: result: yes
configure:6694: checking the maximum length of command line arguments
configure:6824: result: 1572864
configure:6841: checking whether the shell understands some XSI constructs
configure:6851: result: yes
configure:6855: checking whether the shell understands "+="
configure:6861: result: yes
configure:6896: checking how to convert x86_64-unknown-linux-gnu file names to x86_64-unknown-linux-gnu format
configure:6936: result: func_convert_file_noop
configure:6943: checking how to convert x86_64-unknown-linux-gnu file names to toolchain format
configure:6963: result: func_convert_file_noop
configure:6970: checking for /usr/bin/ld option to reload object files
configure:6977: result: -r
configure:7051: checking for objdump
configure:7067: found /usr/bin/objdump
configure:7078: result: objdump
configure:7110: checking how to recognize dependent libraries
configure:7312: result: pass_all
configure:7397: checking for dlltool
configure:7427: result: no
configure:7457: checking how to associate runtime and link libraries
configure:7484: result: printf %s\n
configure:7544: checking for ar
configure:7560: found /usr/bin/ar
configure:7571: result: ar
configure:7608: checking for archiver @FILE support
configure:7625: gcc -c -g -O2  conftest.c >&5
configure:7625: $? = 0
configure:7628: ar cru libconftest.a @conftest.lst >&5
configure:7631: $? = 0
configure:7636: ar cru libconftest.a @conftest.lst >&5
ar: conftest.o: No such file or directory
configure:7639: $? = 1
configure:7651: result: @
configure:7709: checking for strip
configure:7725: found /usr/bin/strip
configure:7736: result: strip
configure:7808: checking for ranlib
configure:7824: found /usr/bin/ranlib
configure:7835: result: ranlib
configure:7937: checking command to parse /usr/bin/nm -B output from gcc object
configure:8057: gcc -c -g -O2  conftest.c >&5
configure:8060: $? = 0
configure:8064: /usr/bin/nm -B conftest.o \| sed -n -e 's/^.*[ ]\([ABCDGIRSTW][ABCDGIRSTW]*\)[ ][ ]*\([_A-Za-z][_A-Za-z0-9]*\)$/\1 \2 \2/p' | sed '/ __gnu_lto/d' \> conftest.nm
configure:8067: $? = 0
configure:8133: gcc -o conftest -g -O2   conftest.c conftstm.o >&5
configure:8136: $? = 0
configure:8174: result: ok
configure:8211: checking for sysroot
configure:8241: result: no
configure:8318: gcc -c -g -O2  conftest.c >&5
configure:8321: $? = 0
configure:8497: checking for mt
configure:8527: result: no
configure:8547: checking if : is a manifest tool
configure:8553: : '-?'
configure:8561: result: no
configure:9200: checking for dlfcn.h
configure:9200: gcc -c -g -O2  conftest.c >&5
configure:9200: $? = 0
configure:9200: result: yes
configure:9417: checking for objdir
configure:9432: result: .libs
configure:9699: checking if gcc supports -fno-rtti -fno-exceptions
configure:9717: gcc -c -g -O2  -fno-rtti -fno-exceptions conftest.c >&5
cc1: warning: command line option '-fno-rtti' is valid for C++/ObjC++ but not for C [enabled by default]
configure:9721: $? = 0
configure:9734: result: no
configure:10061: checking for gcc option to produce PIC
configure:10068: result: -fPIC -DPIC
configure:10076: checking if gcc PIC flag -fPIC -DPIC works
configure:10094: gcc -c -g -O2  -fPIC -DPIC -DPIC conftest.c >&5
configure:10098: $? = 0
configure:10111: result: yes
configure:10140: checking if gcc static flag -static works
configure:10168: result: no
configure:10183: checking if gcc supports -c -o file.o
configure:10204: gcc -c -g -O2  -o out/conftest2.o conftest.c >&5
configure:10208: $? = 0
configure:10230: result: yes
configure:10238: checking if gcc supports -c -o file.o
configure:10285: result: yes
configure:10318: checking whether the gcc linker (/usr/bin/ld -m elf_x86_64) supports shared libraries
configure:11471: result: yes
configure:11508: checking whether -lc should be explicitly linked in
configure:11516: gcc -c -g -O2  conftest.c >&5
configure:11519: $? = 0
configure:11534: gcc -shared  -fPIC -DPIC conftest.o  -v -Wl,-soname -Wl,conftest -o conftest 2\>\&1 \| /usr/bin/grep  -lc  \>/dev/null 2\>\&1
configure:11537: $? = 0
configure:11551: result: no
configure:11711: checking dynamic linker characteristics
configure:12222: gcc -o conftest -g -O2   -Wl,-rpath -Wl,/foo conftest.c  >&5
configure:12222: $? = 0
configure:12448: result: GNU/Linux ld.so
configure:12555: checking how to hardcode library paths into programs
configure:12580: result: immediate
configure:13120: checking whether stripping libraries is possible
configure:13125: result: yes
configure:13160: checking if libtool supports shared libraries
configure:13162: result: yes
configure:13165: checking whether to build shared libraries
configure:13186: result: yes
configure:13189: checking whether to build static libraries
configure:13193: result: yes
configure:16479: checking for pkg-config
configure:16497: found /usr/bin/pkg-config
configure:16509: result: /usr/bin/pkg-config
configure:16534: checking pkg-config is at least version 0.9.0
configure:16537: result: yes
configure:16547: checking for GPLOTTER
configure:16554: $PKG_CONFIG --exists --print-errors "gtk+-3.0 "
configure:16557: $? = 0
configure:16571: $PKG_CONFIG --exists --print-errors "gtk+-3.0 "
configure:16574: $? = 0
configure:16632: result: yes
configure:16751: checking that generated files are newer than configure
configure:16757: result: done
configure:16788: creating ./config.status

## ---------------------- ##
## Running config.status. ##
## ---------------------- ##

This file was extended by gplotter config.status 0.1, which was
generated by GNU Autoconf 2.69.  Invocation command line was

  CONFIG_FILES    = 
  CONFIG_HEADERS  = 
  CONFIG_LINKS    = 
  CONFIG_COMMANDS = 
  $ ./config.status 

on pferro-zenbook

config.status:1229: creating Makefile
config.status:1229: creating src/Makefile
config.status:1229: creating po/Makefile.in
config.status:1229: creating config.h
config.status:1443: executing depfiles commands
config.status:1443: executing default-1 commands
config.status:1443: executing libtool commands
config.status:1443: executing po/stamp-it commands
configure:19301: WARNING: unrecognized options: --enable-maintainer-mode

## ---------------- ##
## Cache variables. ##
## ---------------- ##

ac_cv_build=x86_64-unknown-linux-gnu
ac_cv_c_compiler_gnu=yes
ac_cv_cxx_compiler_gnu=no
ac_cv_env_CCC_set=
ac_cv_env_CCC_value=
ac_cv_env_CC_set=
ac_cv_env_CC_value=
ac_cv_env_CFLAGS_set=
ac_cv_env_CFLAGS_value=
ac_cv_env_CPPFLAGS_set=
ac_cv_env_CPPFLAGS_value=
ac_cv_env_CPP_set=
ac_cv_env_CPP_value=
ac_cv_env_CXXCPP_set=
ac_cv_env_CXXCPP_value=
ac_cv_env_CXXFLAGS_set=
ac_cv_env_CXXFLAGS_value=
ac_cv_env_CXX_set=
ac_cv_env_CXX_value=
ac_cv_env_GPLOTTER_CFLAGS_set=
ac_cv_env_GPLOTTER_CFLAGS_value=
ac_cv_env_GPLOTTER_LIBS_set=
ac_cv_env_GPLOTTER_LIBS_value=
ac_cv_env_LDFLAGS_set=
ac_cv_env_LDFLAGS_value=
ac_cv_env_LIBS_set=
ac_cv_env_LIBS_value=
ac_cv_env_PKG_CONFIG_LIBDIR_set=
ac_cv_env_PKG_CONFIG_LIBDIR_value=
ac_cv_env_PKG_CONFIG_PATH_set=
ac_cv_env_PKG_CONFIG_PATH_value=
ac_cv_env_PKG_CONFIG_set=
ac_cv_env_PKG_CONFIG_value=
ac_cv_env_build_alias_set=
ac_cv_env_build_alias_value=
ac_cv_env_host_alias_set=
ac_cv_env_host_alias_value=
ac_cv_env_target_alias_set=
ac_cv_env_target_alias_value=
ac_cv_func_bind_textdomain_codeset=yes
ac_cv_func_dcgettext=yes
ac_cv_header_dlfcn_h=yes
ac_cv_header_inttypes_h=yes
ac_cv_header_libintl_h=yes
ac_cv_header_locale_h=yes
ac_cv_header_memory_h=yes
ac_cv_header_stdc=yes
ac_cv_header_stdint_h=yes
ac_cv_header_stdlib_h=yes
ac_cv_header_string_h=yes
ac_cv_header_strings_h=yes
ac_cv_header_sys_stat_h=yes
ac_cv_header_sys_types_h=yes
ac_cv_header_unistd_h=yes
ac_cv_host=x86_64-unknown-linux-gnu
ac_cv_objext=o
ac_cv_path_EGREP='/usr/bin/grep -E'
ac_cv_path_FGREP='/usr/bin/grep -F'
ac_cv_path_GMSGFMT=/usr/bin/msgfmt
ac_cv_path_GREP=/usr/bin/grep
ac_cv_path_INTLTOOL_EXTRACT=/usr/bin/intltool-extract
ac_cv_path_INTLTOOL_MERGE=/usr/bin/intltool-merge
ac_cv_path_INTLTOOL_PERL=/usr/bin/perl
ac_cv_path_INTLTOOL_UPDATE=/usr/bin/intltool-update
ac_cv_path_MSGFMT=/usr/bin/msgfmt
ac_cv_path_MSGMERGE=/usr/bin/msgmerge
ac_cv_path_SED=/usr/bin/sed
ac_cv_path_XGETTEXT=/usr/bin/xgettext
ac_cv_path_ac_pt_PKG_CONFIG=/usr/bin/pkg-config
ac_cv_path_install='/usr/bin/install -c'
ac_cv_path_mkdir=/usr/bin/mkdir
ac_cv_prog_AWK=gawk
ac_cv_prog_CPP='gcc -E'
ac_cv_prog_ac_ct_AR=ar
ac_cv_prog_ac_ct_CC=gcc
ac_cv_prog_ac_ct_OBJDUMP=objdump
ac_cv_prog_ac_ct_RANLIB=ranlib
ac_cv_prog_ac_ct_STRIP=strip
ac_cv_prog_cc_c89=
ac_cv_prog_cc_g=yes
ac_cv_prog_cxx_g=no
ac_cv_prog_make_make_set=yes
am_cv_CC_dependencies_compiler_type=gcc3
am_cv_CXX_dependencies_compiler_type=none
am_cv_make_support_nested_variables=yes
am_cv_val_LC_MESSAGES=yes
gt_cv_func_dgettext_libc=yes
gt_cv_func_dgettext_libintl=no
gt_cv_func_ngettext_libc=yes
gt_cv_have_gettext=yes
lt_cv_ar_at_file=@
lt_cv_archive_cmds_need_lc=no
lt_cv_deplibs_check_method=pass_all
lt_cv_file_magic_cmd='$MAGIC_CMD'
lt_cv_file_magic_test_file=
lt_cv_ld_reload_flag=-r
lt_cv_nm_interface='BSD nm'
lt_cv_objdir=.libs
lt_cv_path_LD=/usr/bin/ld
lt_cv_path_NM='/usr/bin/nm -B'
lt_cv_path_mainfest_tool=no
lt_cv_prog_compiler_c_o=yes
lt_cv_prog_compiler_pic='-fPIC -DPIC'
lt_cv_prog_compiler_pic_works=yes
lt_cv_prog_compiler_rtti_exceptions=no
lt_cv_prog_compiler_static_works=no
lt_cv_prog_gnu_ld=yes
lt_cv_sharedlib_from_linklib_cmd='printf %s\n'
lt_cv_shlibpath_overrides_runpath=no
lt_cv_sys_global_symbol_pipe='sed -n -e '\''s/^.*[	 ]\([ABCDGIRSTW][ABCDGIRSTW]*\)[	 ][	 ]*\([_A-Za-z][_A-Za-z0-9]*\)$/\1 \2 \2/p'\'' | sed '\''/ __gnu_lto/d'\'''
lt_cv_sys_global_symbol_to_c_name_address='sed -n -e '\''s/^: \([^ ]*\)[ ]*$/  {\"\1\", (void *) 0},/p'\'' -e '\''s/^[ABCDGIRSTW]* \([^ ]*\) \([^ ]*\)$/  {"\2", (void *) \&\2},/p'\'''
lt_cv_sys_global_symbol_to_c_name_address_lib_prefix='sed -n -e '\''s/^: \([^ ]*\)[ ]*$/  {\"\1\", (void *) 0},/p'\'' -e '\''s/^[ABCDGIRSTW]* \([^ ]*\) \(lib[^ ]*\)$/  {"\2", (void *) \&\2},/p'\'' -e '\''s/^[ABCDGIRSTW]* \([^ ]*\) \([^ ]*\)$/  {"lib\2", (void *) \&\2},/p'\'''
lt_cv_sys_global_symbol_to_cdecl='sed -n -e '\''s/^T .* \(.*\)$/extern int \1();/p'\'' -e '\''s/^[ABCDGIRSTW]* .* \(.*\)$/extern char \1;/p'\'''
lt_cv_sys_max_cmd_len=1572864
lt_cv_to_host_file_cmd=func_convert_file_noop
lt_cv_to_tool_file_cmd=func_convert_file_noop
pkg_cv_GPLOTTER_CFLAGS='-pthread -I/usr/include/gtk-3.0 -I/usr/include/atk-1.0 -I/usr/include/at-spi2-atk/2.0 -I/usr/include/pango-1.0 -I/usr/include/gio-unix-2.0/ -I/usr/include/cairo -I/usr/include/gdk-pixbuf-2.0 -I/usr/include/glib-2.0 -I/usr/lib64/glib-2.0/include -I/usr/include/harfbuzz -I/usr/include/freetype2 -I/usr/include/pixman-1 -I/usr/include/libpng15 -I/usr/include/libdrm  '
pkg_cv_GPLOTTER_LIBS='-lgtk-3 -lgdk-3 -latk-1.0 -lgio-2.0 -lpangocairo-1.0 -lgdk_pixbuf-2.0 -lcairo-gobject -lpango-1.0 -lcairo -lgobject-2.0 -lglib-2.0  '

## ----------------- ##
## Output variables. ##
## ----------------- ##

ACLOCAL='${SHELL} /home/princeton/Documents/Git-Hosted/gPlotter/missing --run aclocal-1.12'
ALL_LINGUAS=''
AMDEPBACKSLASH='\'
AMDEP_FALSE='#'
AMDEP_TRUE=''
AMTAR='$${TAR-tar}'
AM_BACKSLASH='\'
AM_DEFAULT_V='$(AM_DEFAULT_VERBOSITY)'
AM_DEFAULT_VERBOSITY='0'
AM_V='$(V)'
AR='ar'
AUTOCONF='${SHELL} /home/princeton/Documents/Git-Hosted/gPlotter/missing --run autoconf'
AUTOHEADER='${SHELL} /home/princeton/Documents/Git-Hosted/gPlotter/missing --run autoheader'
AUTOMAKE='${SHELL} /home/princeton/Documents/Git-Hosted/gPlotter/missing --run automake-1.12'
AWK='gawk'
CATALOGS=''
CATOBJEXT='.gmo'
CC='gcc'
CCDEPMODE='depmode=gcc3'
CFLAGS='-g -O2'
CPP='gcc -E'
CPPFLAGS=''
CXX='g++'
CXXCPP=''
CXXDEPMODE='depmode=none'
CXXFLAGS=''
CYGPATH_W='echo'
DATADIRNAME='share'
DEFS='-DHAVE_CONFIG_H'
DEPDIR='.deps'
DLLTOOL='false'
DSYMUTIL=''
DUMPBIN=''
ECHO_C=''
ECHO_N='-n'
ECHO_T=''
EGREP='/usr/bin/grep -E'
EXEEXT=''
FGREP='/usr/bin/grep -F'
GETTEXT_PACKAGE='gplotter'
GMOFILES=''
GMSGFMT='/usr/bin/msgfmt'
GPLOTTER_CFLAGS='-pthread -I/usr/include/gtk-3.0 -I/usr/include/atk-1.0 -I/usr/include/at-spi2-atk/2.0 -I/usr/include/pango-1.0 -I/usr/include/gio-unix-2.0/ -I/usr/include/cairo -I/usr/include/gdk-pixbuf-2.0 -I/usr/include/glib-2.0 -I/usr/lib64/glib-2.0/include -I/usr/include/harfbuzz -I/usr/include/freetype2 -I/usr/include/pixman-1 -I/usr/include/libpng15 -I/usr/include/libdrm  '
GPLOTTER_LIBS='-lgtk-3 -lgdk-3 -latk-1.0 -lgio-2.0 -lpangocairo-1.0 -lgdk_pixbuf-2.0 -lcairo-gobject -lpango-1.0 -lcairo -lgobject-2.0 -lglib-2.0  '
GREP='/usr/bin/grep'
INSTALL_DATA='${INSTALL} -m 644'
INSTALL_PROGRAM='${INSTALL}'
INSTALL_SCRIPT='${INSTALL}'
INSTALL_STRIP_PROGRAM='$(install_sh) -c -s'
INSTOBJEXT='.mo'
INTLLIBS=''
INTLTOOL_CAVES_RULE='%.caves:     %.caves.in     $(INTLTOOL_MERGE) $(wildcard $(top_srcdir)/po/*.po) ; $(INTLTOOL_V_MERGE)LC_ALL=C $(INTLTOOL_MERGE) $(INTLTOOL_V_MERGE_OPTIONS) -d -u -c $(top_builddir)/po/.intltool-merge-cache $(top_srcdir)/po $< $@'
INTLTOOL_DESKTOP_RULE='%.desktop:   %.desktop.in   $(INTLTOOL_MERGE) $(wildcard $(top_srcdir)/po/*.po) ; $(INTLTOOL_V_MERGE)LC_ALL=C $(INTLTOOL_MERGE) $(INTLTOOL_V_MERGE_OPTIONS) -d -u -c $(top_builddir)/po/.intltool-merge-cache $(top_srcdir)/po $< $@'
INTLTOOL_DIRECTORY_RULE='%.directory: %.directory.in $(INTLTOOL_MERGE) $(wildcard $(top_srcdir)/po/*.po) ; $(INTLTOOL_V_MERGE)LC_ALL=C $(INTLTOOL_MERGE) $(INTLTOOL_V_MERGE_OPTIONS) -d -u -c $(top_builddir)/po/.intltool-merge-cache $(top_srcdir)/po $< $@'
INTLTOOL_EXTRACT='/usr/bin/intltool-extract'
INTLTOOL_KBD_RULE='%.kbd:       %.kbd.in       $(INTLTOOL_MERGE) $(wildcard $(top_srcdir)/po/*.po) ; $(INTLTOOL_V_MERGE)LC_ALL=C $(INTLTOOL_MERGE) $(INTLTOOL_V_MERGE_OPTIONS) -x -u -m -c $(top_builddir)/po/.intltool-merge-cache $(top_srcdir)/po $< $@'
INTLTOOL_KEYS_RULE='%.keys:      %.keys.in      $(INTLTOOL_MERGE) $(wildcard $(top_srcdir)/po/*.po) ; $(INTLTOOL_V_MERGE)LC_ALL=C $(INTLTOOL_MERGE) $(INTLTOOL_V_MERGE_OPTIONS) -k -u -c $(top_builddir)/po/.intltool-merge-cache $(top_srcdir)/po $< $@'
INTLTOOL_MERGE='/usr/bin/intltool-merge'
INTLTOOL_OAF_RULE='%.oaf:       %.oaf.in       $(INTLTOOL_MERGE) $(wildcard $(top_srcdir)/po/*.po) ; $(INTLTOOL_V_MERGE)LC_ALL=C $(INTLTOOL_MERGE) $(INTLTOOL_V_MERGE_OPTIONS) -o -p $(top_srcdir)/po $< $@'
INTLTOOL_PERL='/usr/bin/perl'
INTLTOOL_POLICY_RULE='%.policy:    %.policy.in    $(INTLTOOL_MERGE) $(wildcard $(top_srcdir)/po/*.po) ; $(INTLTOOL_V_MERGE)LC_ALL=C $(INTLTOOL_MERGE) $(INTLTOOL_V_MERGE_OPTIONS) -x -u -c $(top_builddir)/po/.intltool-merge-cache $(top_srcdir)/po $< $@'
INTLTOOL_PONG_RULE='%.pong:      %.pong.in      $(INTLTOOL_MERGE) $(wildcard $(top_srcdir)/po/*.po) ; $(INTLTOOL_V_MERGE)LC_ALL=C $(INTLTOOL_MERGE) $(INTLTOOL_V_MERGE_OPTIONS) -x -u -c $(top_builddir)/po/.intltool-merge-cache $(top_srcdir)/po $< $@'
INTLTOOL_PROP_RULE='%.prop:      %.prop.in      $(INTLTOOL_MERGE) $(wildcard $(top_srcdir)/po/*.po) ; $(INTLTOOL_V_MERGE)LC_ALL=C $(INTLTOOL_MERGE) $(INTLTOOL_V_MERGE_OPTIONS) -d -u -c $(top_builddir)/po/.intltool-merge-cache $(top_srcdir)/po $< $@'
INTLTOOL_SCHEMAS_RULE='%.schemas:   %.schemas.in   $(INTLTOOL_MERGE) $(wildcard $(top_srcdir)/po/*.po) ; $(INTLTOOL_V_MERGE)LC_ALL=C $(INTLTOOL_MERGE) $(INTLTOOL_V_MERGE_OPTIONS) -s -u -c $(top_builddir)/po/.intltool-merge-cache $(top_srcdir)/po $< $@'
INTLTOOL_SERVER_RULE='%.server:    %.server.in    $(INTLTOOL_MERGE) $(wildcard $(top_srcdir)/po/*.po) ; $(INTLTOOL_V_MERGE)LC_ALL=C $(INTLTOOL_MERGE) $(INTLTOOL_V_MERGE_OPTIONS) -o -u -c $(top_builddir)/po/.intltool-merge-cache $(top_srcdir)/po $< $@'
INTLTOOL_SERVICE_RULE='%.service: %.service.in   $(INTLTOOL_MERGE) $(wildcard $(top_srcdir)/po/*.po) ; $(INTLTOOL_V_MERGE)LC_ALL=C $(INTLTOOL_MERGE) $(INTLTOOL_V_MERGE_OPTIONS) -d -u -c $(top_builddir)/po/.intltool-merge-cache $(top_srcdir)/po $< $@'
INTLTOOL_SHEET_RULE='%.sheet:     %.sheet.in     $(INTLTOOL_MERGE) $(wildcard $(top_srcdir)/po/*.po) ; $(INTLTOOL_V_MERGE)LC_ALL=C $(INTLTOOL_MERGE) $(INTLTOOL_V_MERGE_OPTIONS) -x -u -c $(top_builddir)/po/.intltool-merge-cache $(top_srcdir)/po $< $@'
INTLTOOL_SOUNDLIST_RULE='%.soundlist: %.soundlist.in $(INTLTOOL_MERGE) $(wildcard $(top_srcdir)/po/*.po) ; $(INTLTOOL_V_MERGE)LC_ALL=C $(INTLTOOL_MERGE) $(INTLTOOL_V_MERGE_OPTIONS) -d -u -c $(top_builddir)/po/.intltool-merge-cache $(top_srcdir)/po $< $@'
INTLTOOL_THEME_RULE='%.theme:     %.theme.in     $(INTLTOOL_MERGE) $(wildcard $(top_srcdir)/po/*.po) ; $(INTLTOOL_V_MERGE)LC_ALL=C $(INTLTOOL_MERGE) $(INTLTOOL_V_MERGE_OPTIONS) -d -u -c $(top_builddir)/po/.intltool-merge-cache $(top_srcdir)/po $< $@'
INTLTOOL_UI_RULE='%.ui:        %.ui.in        $(INTLTOOL_MERGE) $(wildcard $(top_srcdir)/po/*.po) ; $(INTLTOOL_V_MERGE)LC_ALL=C $(INTLTOOL_MERGE) $(INTLTOOL_V_MERGE_OPTIONS) -x -u -c $(top_builddir)/po/.intltool-merge-cache $(top_srcdir)/po $< $@'
INTLTOOL_UPDATE='/usr/bin/intltool-update'
INTLTOOL_V_MERGE='$(INTLTOOL__v_MERGE_$(V))'
INTLTOOL_V_MERGE_OPTIONS='$(intltool__v_merge_options_$(V))'
INTLTOOL_XAM_RULE='%.xam:       %.xml.in       $(INTLTOOL_MERGE) $(wildcard $(top_srcdir)/po/*.po) ; $(INTLTOOL_V_MERGE)LC_ALL=C $(INTLTOOL_MERGE) $(INTLTOOL_V_MERGE_OPTIONS) -x -u -c $(top_builddir)/po/.intltool-merge-cache $(top_srcdir)/po $< $@'
INTLTOOL_XML_NOMERGE_RULE='%.xml:       %.xml.in       $(INTLTOOL_MERGE) ; $(INTLTOOL_V_MERGE)LC_ALL=C $(INTLTOOL_MERGE) $(INTLTOOL_V_MERGE_OPTIONS) -x -u --no-translations $< $@'
INTLTOOL_XML_RULE='%.xml:       %.xml.in       $(INTLTOOL_MERGE) $(wildcard $(top_srcdir)/po/*.po) ; $(INTLTOOL_V_MERGE)LC_ALL=C $(INTLTOOL_MERGE) $(INTLTOOL_V_MERGE_OPTIONS) -x -u -c $(top_builddir)/po/.intltool-merge-cache $(top_srcdir)/po $< $@'
INTLTOOL__v_MERGE_0='@echo "  ITMRG " $@;'
INTLTOOL__v_MERGE_='$(INTLTOOL__v_MERGE_$(AM_DEFAULT_VERBOSITY))'
LD='/usr/bin/ld -m elf_x86_64'
LDFLAGS=''
LIBOBJS=''
LIBS=''
LIBTOOL='$(SHELL) $(top_builddir)/libtool'
LIPO=''
LN_S='ln -s'
LTLIBOBJS=''
MAKEINFO='${SHELL} /home/princeton/Documents/Git-Hosted/gPlotter/missing --run makeinfo'
MANIFEST_TOOL=':'
MKDIR_P='/usr/bin/mkdir -p'
MKINSTALLDIRS='/home/princeton/Documents/Git-Hosted/gPlotter/mkinstalldirs'
MSGFMT='/usr/bin/msgfmt'
MSGFMT_OPTS='-c'
MSGMERGE='/usr/bin/msgmerge'
NM='/usr/bin/nm -B'
NMEDIT=''
OBJDUMP='objdump'
OBJEXT='o'
OTOOL64=''
OTOOL=''
PACKAGE='gplotter'
PACKAGE_BUGREPORT=''
PACKAGE_NAME='gplotter'
PACKAGE_STRING='gplotter 0.1'
PACKAGE_TARNAME='gplotter'
PACKAGE_URL=''
PACKAGE_VERSION='0.1'
PATH_SEPARATOR=':'
PKG_CONFIG='/usr/bin/pkg-config'
PKG_CONFIG_LIBDIR=''
PKG_CONFIG_PATH=''
POFILES=''
POSUB='po'
PO_IN_DATADIR_FALSE=''
PO_IN_DATADIR_TRUE=''
RANLIB='ranlib'
SED='/usr/bin/sed'
SET_MAKE=''
SHELL='/bin/sh'
STRIP='strip'
USE_NLS='yes'
VERSION='0.1'
XGETTEXT='/usr/bin/xgettext'
ac_ct_AR='ar'
ac_ct_CC='gcc'
ac_ct_CXX=''
ac_ct_DUMPBIN=''
am__EXEEXT_FALSE=''
am__EXEEXT_TRUE='#'
am__fastdepCC_FALSE='#'
am__fastdepCC_TRUE=''
am__fastdepCXX_FALSE=''
am__fastdepCXX_TRUE='#'
am__include='include'
am__isrc=' -I$(srcdir)'
am__leading_dot='.'
am__nodep='_no'
am__quote=''
am__tar='$${TAR-tar} chof - "$$tardir"'
am__untar='$${TAR-tar} xf -'
bindir='${exec_prefix}/bin'
build='x86_64-unknown-linux-gnu'
build_alias=''
build_cpu='x86_64'
build_os='linux-gnu'
build_vendor='unknown'
datadir='${datarootdir}'
datarootdir='${prefix}/share'
docdir='${datarootdir}/doc/${PACKAGE_TARNAME}'
dvidir='${docdir}'
exec_prefix='${prefix}'
host='x86_64-unknown-linux-gnu'
host_alias=''
host_cpu='x86_64'
host_os='linux-gnu'
host_vendor='unknown'
htmldir='${docdir}'
includedir='${prefix}/include'
infodir='${datarootdir}/info'
install_sh='${SHELL} /home/princeton/Documents/Git-Hosted/gPlotter/install-sh'
intltool__v_merge_options_0='-q'
intltool__v_merge_options_='$(intltool__v_merge_options_$(AM_DEFAULT_VERBOSITY))'
libdir='${exec_prefix}/lib'
libexecdir='${exec_prefix}/libexec'
localedir='${datarootdir}/locale'
localstatedir='${prefix}/var'
mandir='${datarootdir}/man'
mkdir_p='$(MKDIR_P)'
oldincludedir='/usr/include'
pdfdir='${docdir}'
prefix='/usr/local'
program_transform_name='s,x,x,'
psdir='${docdir}'
sbindir='${exec_prefix}/sbin'
sharedstatedir='${prefix}/com'
sysconfdir='${prefix}/etc'
target_alias=''

## ----------- ##
## confdefs.h. ##
## ----------- ##

/* confdefs.h */
#define PACKAGE_NAME "gplotter"
#define PACKAGE_TARNAME "gplotter"
#define PACKAGE_VERSION "0.1"
#define PACKAGE_STRING "gplotter 0.1"
#define PACKAGE_BUGREPORT ""
#define PACKAGE_URL ""
#define PACKAGE "gplotter"
#define VERSION "0.1"
#define GETTEXT_PACKAGE "gplotter"
#define STDC_HEADERS 1
#define HAVE_SYS_TYPES_H 1
#define HAVE_SYS_STAT_H 1
#define HAVE_STDLIB_H 1
#define HAVE_STRING_H 1
#define HAVE_MEMORY_H 1
#define HAVE_STRINGS_H 1
#define HAVE_INTTYPES_H 1
#define HAVE_STDINT_H 1
#define HAVE_UNISTD_H 1
#define HAVE_LOCALE_H 1
#define HAVE_LC_MESSAGES 1
#define HAVE_BIND_TEXTDOMAIN_CODESET 1
#define HAVE_GETTEXT 1
#define HAVE_DCGETTEXT 1
#define ENABLE_NLS 1
#define HAVE_DLFCN_H 1
#define LT_OBJDIR ".libs/"

configure: exit 0
